<?xml version="1.0" encoding="UTF-8"?>
<!-- Generated by org.testng.reporters.JUnitReportReporter -->
<testsuite hostname="JCPSI92RGPH2" name="ixigo.ixigoProject.Ixigo2" tests="1" failures="0" timestamp="19 Jul 2020 13:43:51 GMT" time="41.512" errors="0">
  <testcase name="login" time="41.512" classname="ixigo.ixigoProject.Ixigo2"/>
</testsuite> <!-- ixigo.ixigoProject.Ixigo2 -->
